<?xml version="1.0" encoding="UTF-8"?>
<!-- Generated by org.testng.reporters.JUnitXMLReporter -->
<testsuite hostname="PC-DuyHai" name="serviceTests" tests="11" failures="0" timestamp="20 Sep 2012 22:07:35 GMT" time="18.763" errors="0">
  <testcase name="testSendHTMLMail_SERVICE" time="5.507" classname="fr.getlinks.test.service.mail.MailServiceTest"/>
  <testcase name="testCompareRandomTimestampString_SERVICE" time="0.038" classname="fr.getlinks.test.service.registration.impl.RandomStringGeneratorImplTest"/>
  <testcase name="testRandomString_SERVICE" time="0.0020" classname="fr.getlinks.test.service.registration.impl.RandomStringGeneratorImplTest"/>
  <testcase name="testRandomTimestampStringWithRandomSuffix_SERVICE" time="0.0010" classname="fr.getlinks.test.service.registration.impl.RandomStringGeneratorImplTest"/>
  <testcase name="testRandomTimestampString_SERVICE" time="0.0010" classname="fr.getlinks.test.service.registration.impl.RandomStringGeneratorImplTest"/>
  <testcase name="testSendRegistrationEmail_SERVICE" time="2.206" classname="fr.getlinks.test.service.registration.impl.RegistrationMailSenderImplTest"/>
  <testcase name="testSendUnblockEmail_SERVICE" time="3.192" classname="fr.getlinks.test.service.registration.impl.RegistrationMailSenderImplTest"/>
  <testcase name="testRegisterUser_SERVICE" time="2.334" classname="fr.getlinks.test.service.registration.impl.UserRegistrationServiceTest"/>
  <testcase name="testActivateUser_SERVICE" time="0.018" classname="fr.getlinks.test.service.registration.impl.UserRegistrationServiceTest"/>
  <testcase name="testGenerateReactivationEmail_SERVICE" time="3.046" classname="fr.getlinks.test.service.registration.impl.UserRegistrationServiceTest"/>
  <testcase name="testGenerateResetPasswordEmail_SERVICE" time="2.221" classname="fr.getlinks.test.service.registration.impl.UserRegistrationServiceTest"/>
</testsuite> <!-- serviceTests -->
