<?xml version="1.0" encoding="UTF-8"?>
<!-- Generated by org.testng.reporters.JUnitXMLReporter -->
<testsuite hostname="PC-DuyHai" name="Default test" tests="2" failures="0" timestamp="17 Sep 2012 21:34:35 GMT" time="0.131" errors="0">
  <testcase name="testSaveNetwork_REPOSITORY" time="0.065" classname="fr.getlinks.test.repository.impl.NetworkRepositoryImplTest"/>
  <testcase name="testFindNetworkByName_REPOSITORY" time="0.0010" classname="fr.getlinks.test.repository.impl.NetworkRepositoryImplTest"/>
</testsuite> <!-- Default test -->
