<?xml version="1.0" encoding="UTF-8"?>
<!-- Generated by org.testng.reporters.JUnitXMLReporter -->
<testsuite hostname="PC-DuyHai" name="Default test" tests="4" failures="0" timestamp="11 Sep 2012 22:10:35 GMT" time="0.051" errors="0">
  <testcase name="testCompareRandomTimestampString" time="0.038" classname="fr.getlinks.service.mail.registration.impl.RandomStringGeneratorImplTest"/>
  <testcase name="testRandomString" time="0.0010" classname="fr.getlinks.service.mail.registration.impl.RandomStringGeneratorImplTest"/>
  <testcase name="testRandomTimestampString" time="0.0010" classname="fr.getlinks.service.mail.registration.impl.RandomStringGeneratorImplTest"/>
  <testcase name="testRandomTimestampStringWithRandomSuffix" time="0.0" classname="fr.getlinks.service.mail.registration.impl.RandomStringGeneratorImplTest"/>
</testsuite> <!-- Default test -->
