<?xml version="1.0" encoding="UTF-8"?>
<!-- Generated by org.testng.reporters.JUnitXMLReporter -->
<testsuite hostname="PC-DuyHai" name="controllerTests" tests="4" failures="0" timestamp="20 Sep 2012 22:10:13 GMT" time="0.245" errors="0">
  <testcase name="testActivateKO_CONTROLLER" time="0.179" classname="fr.getlinks.test.web.controller.RegistrationControllerTest"/>
  <testcase name="testActivateOK_CONTROLLER" time="0.016" classname="fr.getlinks.test.web.controller.RegistrationControllerTest"/>
  <testcase name="testChangePasswordOK_CONTROLLER" time="0.019" classname="fr.getlinks.test.web.controller.RegistrationControllerTest"/>
  <testcase name="testChangePasswordRedirectToHome_CONTROLLER" time="0.021" classname="fr.getlinks.test.web.controller.RegistrationControllerTest"/>
</testsuite> <!-- controllerTests -->
