<?xml version="1.0" encoding="UTF-8"?>
<testng-results skipped="0" failed="0" total="4" passed="4">
  <reporter-output>
  </reporter-output>
  <suite name="Default suite" duration-ms="51" started-at="2012-09-11T22:10:35Z" finished-at="2012-09-11T22:10:35Z">
    <groups>
    </groups>
    <test name="Default test" duration-ms="51" started-at="2012-09-11T22:10:35Z" finished-at="2012-09-11T22:10:35Z">
      <class name="fr.getlinks.service.mail.registration.impl.RandomStringGeneratorImplTest">
        <test-method status="PASS" signature="testCompareRandomTimestampString()[pri:0, instance:fr.getlinks.service.mail.registration.impl.RandomStringGeneratorImplTest@1b60280]" name="testCompareRandomTimestampString" duration-ms="38" started-at="2012-09-12T00:10:35Z" finished-at="2012-09-12T00:10:35Z">
          <reporter-output>
          </reporter-output>
        </test-method> <!-- testCompareRandomTimestampString -->
        <test-method status="PASS" signature="testRandomString()[pri:0, instance:fr.getlinks.service.mail.registration.impl.RandomStringGeneratorImplTest@1b60280]" name="testRandomString" duration-ms="1" started-at="2012-09-12T00:10:35Z" finished-at="2012-09-12T00:10:35Z">
          <reporter-output>
          </reporter-output>
        </test-method> <!-- testRandomString -->
        <test-method status="PASS" signature="testRandomTimestampString()[pri:0, instance:fr.getlinks.service.mail.registration.impl.RandomStringGeneratorImplTest@1b60280]" name="testRandomTimestampString" duration-ms="1" started-at="2012-09-12T00:10:35Z" finished-at="2012-09-12T00:10:35Z">
          <reporter-output>
          </reporter-output>
        </test-method> <!-- testRandomTimestampString -->
        <test-method status="PASS" signature="testRandomTimestampStringWithRandomSuffix()[pri:0, instance:fr.getlinks.service.mail.registration.impl.RandomStringGeneratorImplTest@1b60280]" name="testRandomTimestampStringWithRandomSuffix" duration-ms="0" started-at="2012-09-12T00:10:35Z" finished-at="2012-09-12T00:10:35Z">
          <reporter-output>
          </reporter-output>
        </test-method> <!-- testRandomTimestampStringWithRandomSuffix -->
      </class> <!-- fr.getlinks.service.mail.registration.impl.RandomStringGeneratorImplTest -->
    </test> <!-- Default test -->
  </suite> <!-- Default suite -->
</testng-results>
