<?xml version="1.0" encoding="UTF-8"?>
<testng-results skipped="0" failed="0" total="4" passed="4">
  <reporter-output>
  </reporter-output>
  <suite name="Getlinks-Controller-TestSuite" duration-ms="245" started-at="2012-09-20T22:10:12Z" finished-at="2012-09-20T22:10:13Z">
    <groups>
    </groups>
    <test name="controllerTests" duration-ms="245" started-at="2012-09-20T22:10:12Z" finished-at="2012-09-20T22:10:13Z">
      <class name="fr.getlinks.test.web.controller.RegistrationControllerTest">
        <test-method status="PASS" signature="init()[pri:0, instance:fr.getlinks.test.web.controller.RegistrationControllerTest@1982fc1]" name="init" is-config="true" duration-ms="1305" started-at="2012-09-21T00:10:11Z" finished-at="2012-09-21T00:10:12Z">
          <reporter-output>
          </reporter-output>
        </test-method> <!-- init -->
        <test-method status="PASS" signature="springTestContextBeforeTestClass()[pri:0, instance:fr.getlinks.test.web.controller.RegistrationControllerTest@1982fc1]" name="springTestContextBeforeTestClass" is-config="true" duration-ms="0" started-at="2012-09-21T00:10:12Z" finished-at="2012-09-21T00:10:12Z">
          <reporter-output>
          </reporter-output>
        </test-method> <!-- springTestContextBeforeTestClass -->
        <test-method status="PASS" signature="springTestContextPrepareTestInstance()[pri:0, instance:fr.getlinks.test.web.controller.RegistrationControllerTest@1982fc1]" name="springTestContextPrepareTestInstance" is-config="true" duration-ms="0" started-at="2012-09-21T00:10:12Z" depends-on-methods="org.springframework.test.context.testng.AbstractTestNGSpringContextTests.springTestContextBeforeTestClass" finished-at="2012-09-21T00:10:12Z">
          <reporter-output>
          </reporter-output>
        </test-method> <!-- springTestContextPrepareTestInstance -->
        <test-method status="PASS" signature="springTestContextBeforeTestMethod(java.lang.reflect.Method)[pri:0, instance:fr.getlinks.test.web.controller.RegistrationControllerTest@1982fc1]" name="springTestContextBeforeTestMethod" is-config="true" duration-ms="1" started-at="2012-09-21T00:10:12Z" finished-at="2012-09-21T00:10:12Z">
          <params>
            <param index="0">
              <value>
                <![CDATA[public void fr.getlinks.test.web.controller.RegistrationControllerTest.testActivateKO_CONTROLLER() throws java.lang.Exception]]>
              </value>
            </param>
          </params>
          <reporter-output>
          </reporter-output>
        </test-method> <!-- springTestContextBeforeTestMethod -->
        <test-method status="PASS" signature="testActivateKO_CONTROLLER()[pri:0, instance:fr.getlinks.test.web.controller.RegistrationControllerTest@1982fc1]" name="testActivateKO_CONTROLLER" duration-ms="179" started-at="2012-09-21T00:10:12Z" finished-at="2012-09-21T00:10:13Z">
          <reporter-output>
          </reporter-output>
        </test-method> <!-- testActivateKO_CONTROLLER -->
        <test-method status="PASS" signature="springTestContextAfterTestMethod(java.lang.reflect.Method)[pri:0, instance:fr.getlinks.test.web.controller.RegistrationControllerTest@1982fc1]" name="springTestContextAfterTestMethod" is-config="true" duration-ms="0" started-at="2012-09-21T00:10:13Z" finished-at="2012-09-21T00:10:13Z">
          <params>
            <param index="0">
              <value>
                <![CDATA[public void fr.getlinks.test.web.controller.RegistrationControllerTest.testActivateKO_CONTROLLER() throws java.lang.Exception]]>
              </value>
            </param>
          </params>
          <reporter-output>
          </reporter-output>
        </test-method> <!-- springTestContextAfterTestMethod -->
        <test-method status="PASS" signature="springTestContextBeforeTestMethod(java.lang.reflect.Method)[pri:0, instance:fr.getlinks.test.web.controller.RegistrationControllerTest@1982fc1]" name="springTestContextBeforeTestMethod" is-config="true" duration-ms="0" started-at="2012-09-21T00:10:13Z" finished-at="2012-09-21T00:10:13Z">
          <params>
            <param index="0">
              <value>
                <![CDATA[public void fr.getlinks.test.web.controller.RegistrationControllerTest.testActivateOK_CONTROLLER() throws java.lang.Exception]]>
              </value>
            </param>
          </params>
          <reporter-output>
          </reporter-output>
        </test-method> <!-- springTestContextBeforeTestMethod -->
        <test-method status="PASS" signature="testActivateOK_CONTROLLER()[pri:0, instance:fr.getlinks.test.web.controller.RegistrationControllerTest@1982fc1]" name="testActivateOK_CONTROLLER" duration-ms="16" started-at="2012-09-21T00:10:13Z" finished-at="2012-09-21T00:10:13Z">
          <reporter-output>
          </reporter-output>
        </test-method> <!-- testActivateOK_CONTROLLER -->
        <test-method status="PASS" signature="springTestContextAfterTestMethod(java.lang.reflect.Method)[pri:0, instance:fr.getlinks.test.web.controller.RegistrationControllerTest@1982fc1]" name="springTestContextAfterTestMethod" is-config="true" duration-ms="0" started-at="2012-09-21T00:10:13Z" finished-at="2012-09-21T00:10:13Z">
          <params>
            <param index="0">
              <value>
                <![CDATA[public void fr.getlinks.test.web.controller.RegistrationControllerTest.testActivateOK_CONTROLLER() throws java.lang.Exception]]>
              </value>
            </param>
          </params>
          <reporter-output>
          </reporter-output>
        </test-method> <!-- springTestContextAfterTestMethod -->
        <test-method status="PASS" signature="testChangePasswordOK_CONTROLLER()[pri:0, instance:fr.getlinks.test.web.controller.RegistrationControllerTest@1982fc1]" name="testChangePasswordOK_CONTROLLER" duration-ms="19" started-at="2012-09-21T00:10:13Z" finished-at="2012-09-21T00:10:13Z">
          <reporter-output>
          </reporter-output>
        </test-method> <!-- testChangePasswordOK_CONTROLLER -->
        <test-method status="PASS" signature="springTestContextBeforeTestMethod(java.lang.reflect.Method)[pri:0, instance:fr.getlinks.test.web.controller.RegistrationControllerTest@1982fc1]" name="springTestContextBeforeTestMethod" is-config="true" duration-ms="0" started-at="2012-09-21T00:10:13Z" finished-at="2012-09-21T00:10:13Z">
          <params>
            <param index="0">
              <value>
                <![CDATA[public void fr.getlinks.test.web.controller.RegistrationControllerTest.testChangePasswordOK_CONTROLLER() throws java.lang.Exception]]>
              </value>
            </param>
          </params>
          <reporter-output>
          </reporter-output>
        </test-method> <!-- springTestContextBeforeTestMethod -->
        <test-method status="PASS" signature="springTestContextAfterTestMethod(java.lang.reflect.Method)[pri:0, instance:fr.getlinks.test.web.controller.RegistrationControllerTest@1982fc1]" name="springTestContextAfterTestMethod" is-config="true" duration-ms="1" started-at="2012-09-21T00:10:13Z" finished-at="2012-09-21T00:10:13Z">
          <params>
            <param index="0">
              <value>
                <![CDATA[public void fr.getlinks.test.web.controller.RegistrationControllerTest.testChangePasswordOK_CONTROLLER() throws java.lang.Exception]]>
              </value>
            </param>
          </params>
          <reporter-output>
          </reporter-output>
        </test-method> <!-- springTestContextAfterTestMethod -->
        <test-method status="PASS" signature="testChangePasswordRedirectToHome_CONTROLLER()[pri:0, instance:fr.getlinks.test.web.controller.RegistrationControllerTest@1982fc1]" name="testChangePasswordRedirectToHome_CONTROLLER" duration-ms="21" started-at="2012-09-21T00:10:13Z" finished-at="2012-09-21T00:10:13Z">
          <reporter-output>
          </reporter-output>
        </test-method> <!-- testChangePasswordRedirectToHome_CONTROLLER -->
        <test-method status="PASS" signature="springTestContextBeforeTestMethod(java.lang.reflect.Method)[pri:0, instance:fr.getlinks.test.web.controller.RegistrationControllerTest@1982fc1]" name="springTestContextBeforeTestMethod" is-config="true" duration-ms="0" started-at="2012-09-21T00:10:13Z" finished-at="2012-09-21T00:10:13Z">
          <params>
            <param index="0">
              <value>
                <![CDATA[public void fr.getlinks.test.web.controller.RegistrationControllerTest.testChangePasswordRedirectToHome_CONTROLLER() throws java.lang.Exception]]>
              </value>
            </param>
          </params>
          <reporter-output>
          </reporter-output>
        </test-method> <!-- springTestContextBeforeTestMethod -->
        <test-method status="PASS" signature="springTestContextAfterTestClass()[pri:0, instance:fr.getlinks.test.web.controller.RegistrationControllerTest@1982fc1]" name="springTestContextAfterTestClass" is-config="true" duration-ms="0" started-at="2012-09-21T00:10:13Z" finished-at="2012-09-21T00:10:13Z">
          <reporter-output>
          </reporter-output>
        </test-method> <!-- springTestContextAfterTestClass -->
        <test-method status="PASS" signature="springTestContextAfterTestMethod(java.lang.reflect.Method)[pri:0, instance:fr.getlinks.test.web.controller.RegistrationControllerTest@1982fc1]" name="springTestContextAfterTestMethod" is-config="true" duration-ms="0" started-at="2012-09-21T00:10:13Z" finished-at="2012-09-21T00:10:13Z">
          <params>
            <param index="0">
              <value>
                <![CDATA[public void fr.getlinks.test.web.controller.RegistrationControllerTest.testChangePasswordRedirectToHome_CONTROLLER() throws java.lang.Exception]]>
              </value>
            </param>
          </params>
          <reporter-output>
          </reporter-output>
        </test-method> <!-- springTestContextAfterTestMethod -->
      </class> <!-- fr.getlinks.test.web.controller.RegistrationControllerTest -->
    </test> <!-- controllerTests -->
  </suite> <!-- Getlinks-Controller-TestSuite -->
</testng-results>
